2025-08-22 13:39:35,123 - [INFO]:  Upload /apdcephfs_cq8_1367250/share_1367250/qiunnli/v2a/HIFI-Foley/public/videos/demo_show/FoleyCrafter_021.mp4   =>   cos://texttoaudio-train-1258344703/hunyuanvideo-foley_demo/demo_show/FoleyCrafter_021.mp4
2025-08-22 13:39:35,130 - [INFO]:  Upload /apdcephfs_cq8_1367250/share_1367250/qiunnli/v2a/HIFI-Foley/public/videos/demo_show/V_AURA_067.mp4   =>   cos://texttoaudio-train-1258344703/hunyuanvideo-foley_demo/demo_show/V_AURA_067.mp4
2025-08-22 13:39:35,134 - [INFO]:  Upload /apdcephfs_cq8_1367250/share_1367250/qiunnli/v2a/HIFI-Foley/public/videos/demo_show/4-4.mp4   =>   cos://texttoaudio-train-1258344703/hunyuanvideo-foley_demo/demo_show/4-4.mp4
2025-08-22 13:39:35,635 - [INFO]:  Upload /apdcephfs_cq8_1367250/share_1367250/qiunnli/v2a/HIFI-Foley/public/videos/demo_show/1-3.mp4   =>   cos://texttoaudio-train-1258344703/hunyuanvideo-foley_demo/demo_show/1-3.mp4
2025-08-22 13:39:35,645 - [INFO]:  Upload /apdcephfs_cq8_1367250/share_1367250/qiunnli/v2a/HIFI-Foley/public/videos/demo_show/MMAudio_094.mp4   =>   cos://texttoaudio-train-1258344703/hunyuanvideo-foley_demo/demo_show/MMAudio_094.mp4
2025-08-22 13:39:35,723 - [INFO]:  Upload /apdcephfs_cq8_1367250/share_1367250/qiunnli/v2a/HIFI-Foley/public/videos/demo_show/V_AURA_071.mp4   =>   cos://texttoaudio-train-1258344703/hunyuanvideo-foley_demo/demo_show/V_AURA_071.mp4
2025-08-22 13:39:35,736 - [INFO]:  Upload /apdcephfs_cq8_1367250/share_1367250/qiunnli/v2a/HIFI-Foley/public/videos/demo_show/ThinkSound_160.mp4   =>   cos://texttoaudio-train-1258344703/hunyuanvideo-foley_demo/demo_show/ThinkSound_160.mp4
2025-08-22 13:39:35,852 - [INFO]:  Upload /apdcephfs_cq8_1367250/share_1367250/qiunnli/v2a/HIFI-Foley/public/videos/demo_show/Frieren_094.mp4   =>   cos://texttoaudio-train-1258344703/hunyuanvideo-foley_demo/demo_show/Frieren_094.mp4
2025-08-22 13:39:35,971 - [INFO]:  Upload /apdcephfs_cq8_1367250/share_1367250/qiunnli/v2a/HIFI-Foley/public/videos/demo_show/9-3.mp4   =>   cos://texttoaudio-train-1258344703/hunyuanvideo-foley_demo/demo_show/9-3.mp4
2025-08-22 13:39:36,189 - [INFO]:  Upload /apdcephfs_cq8_1367250/share_1367250/qiunnli/v2a/HIFI-Foley/public/videos/demo_show/ThinkSound_078.mp4   =>   cos://texttoaudio-train-1258344703/hunyuanvideo-foley_demo/demo_show/ThinkSound_078.mp4
2025-08-22 13:39:36,310 - [INFO]:  Upload /apdcephfs_cq8_1367250/share_1367250/qiunnli/v2a/HIFI-Foley/public/videos/demo_show/8-3.mp4   =>   cos://texttoaudio-train-1258344703/hunyuanvideo-foley_demo/demo_show/8-3.mp4
2025-08-22 13:39:36,353 - [INFO]:  Upload /apdcephfs_cq8_1367250/share_1367250/qiunnli/v2a/HIFI-Foley/public/videos/demo_show/FoleyCrafter_026.mp4   =>   cos://texttoaudio-train-1258344703/hunyuanvideo-foley_demo/demo_show/FoleyCrafter_026.mp4
2025-08-22 13:39:36,892 - [INFO]:  Upload /apdcephfs_cq8_1367250/share_1367250/qiunnli/v2a/HIFI-Foley/public/videos/demo_show/Frieren_063.mp4   =>   cos://texttoaudio-train-1258344703/hunyuanvideo-foley_demo/demo_show/Frieren_063.mp4
2025-08-22 13:39:36,925 - [INFO]:  Upload /apdcephfs_cq8_1367250/share_1367250/qiunnli/v2a/HIFI-Foley/public/videos/demo_show/4-2.mp4   =>   cos://texttoaudio-train-1258344703/hunyuanvideo-foley_demo/demo_show/4-2.mp4
2025-08-22 13:39:36,934 - [INFO]:  Upload /apdcephfs_cq8_1367250/share_1367250/qiunnli/v2a/HIFI-Foley/public/videos/demo_show/MMAudio_071.mp4   =>   cos://texttoaudio-train-1258344703/hunyuanvideo-foley_demo/demo_show/MMAudio_071.mp4
2025-08-22 13:39:37,417 - [INFO]:  Upload /apdcephfs_cq8_1367250/share_1367250/qiunnli/v2a/HIFI-Foley/public/videos/demo_show/6-3.mp4   =>   cos://texttoaudio-train-1258344703/hunyuanvideo-foley_demo/demo_show/6-3.mp4
2025-08-22 13:39:37,490 - [INFO]:  Upload /apdcephfs_cq8_1367250/share_1367250/qiunnli/v2a/HIFI-Foley/public/videos/demo_show/Frieren_160.mp4   =>   cos://texttoaudio-train-1258344703/hunyuanvideo-foley_demo/demo_show/Frieren_160.mp4
2025-08-22 13:39:37,505 - [INFO]:  Upload /apdcephfs_cq8_1367250/share_1367250/qiunnli/v2a/HIFI-Foley/public/videos/demo_show/ThinkSound_105.mp4   =>   cos://texttoaudio-train-1258344703/hunyuanvideo-foley_demo/demo_show/ThinkSound_105.mp4
2025-08-22 13:39:37,532 - [INFO]:  Upload /apdcephfs_cq8_1367250/share_1367250/qiunnli/v2a/HIFI-Foley/public/videos/demo_show/FoleyCrafter_171.mp4   =>   cos://texttoaudio-train-1258344703/hunyuanvideo-foley_demo/demo_show/FoleyCrafter_171.mp4
2025-08-22 13:39:38,026 - [INFO]:  Upload /apdcephfs_cq8_1367250/share_1367250/qiunnli/v2a/HIFI-Foley/public/videos/demo_show/Ours__128d_200k__007.mp4   =>   cos://texttoaudio-train-1258344703/hunyuanvideo-foley_demo/demo_show/Ours__128d_200k__007.mp4
2025-08-22 13:39:38,136 - [INFO]:  Upload /apdcephfs_cq8_1367250/share_1367250/qiunnli/v2a/HIFI-Foley/public/videos/demo_show/V_AURA_050.mp4   =>   cos://texttoaudio-train-1258344703/hunyuanvideo-foley_demo/demo_show/V_AURA_050.mp4
2025-08-22 13:39:38,217 - [INFO]:  Upload /apdcephfs_cq8_1367250/share_1367250/qiunnli/v2a/HIFI-Foley/public/videos/demo_show/MMAudio_152.mp4   =>   cos://texttoaudio-train-1258344703/hunyuanvideo-foley_demo/demo_show/MMAudio_152.mp4
2025-08-22 13:39:38,304 - [INFO]:  Upload /apdcephfs_cq8_1367250/share_1367250/qiunnli/v2a/HIFI-Foley/public/videos/demo_show/Ours__128d_200k__026.mp4   =>   cos://texttoaudio-train-1258344703/hunyuanvideo-foley_demo/demo_show/Ours__128d_200k__026.mp4
2025-08-22 13:39:38,384 - [INFO]:  Upload /apdcephfs_cq8_1367250/share_1367250/qiunnli/v2a/HIFI-Foley/public/videos/demo_show/V_AURA_425.mp4   =>   cos://texttoaudio-train-1258344703/hunyuanvideo-foley_demo/demo_show/V_AURA_425.mp4
2025-08-22 13:39:38,688 - [INFO]:  Upload /apdcephfs_cq8_1367250/share_1367250/qiunnli/v2a/HIFI-Foley/public/videos/demo_show/FoleyCrafter_105.mp4   =>   cos://texttoaudio-train-1258344703/hunyuanvideo-foley_demo/demo_show/FoleyCrafter_105.mp4
2025-08-22 13:39:38,810 - [INFO]:  Upload /apdcephfs_cq8_1367250/share_1367250/qiunnli/v2a/HIFI-Foley/public/videos/demo_show/MMAudio_006.mp4   =>   cos://texttoaudio-train-1258344703/hunyuanvideo-foley_demo/demo_show/MMAudio_006.mp4
2025-08-22 13:39:38,901 - [INFO]:  Upload /apdcephfs_cq8_1367250/share_1367250/qiunnli/v2a/HIFI-Foley/public/videos/demo_show/MMAudio_160.mp4   =>   cos://texttoaudio-train-1258344703/hunyuanvideo-foley_demo/demo_show/MMAudio_160.mp4
2025-08-22 13:39:39,069 - [INFO]:  Upload /apdcephfs_cq8_1367250/share_1367250/qiunnli/v2a/HIFI-Foley/public/videos/demo_show/V_AURA_385.mp4   =>   cos://texttoaudio-train-1258344703/hunyuanvideo-foley_demo/demo_show/V_AURA_385.mp4
2025-08-22 13:39:39,344 - [INFO]:  Upload /apdcephfs_cq8_1367250/share_1367250/qiunnli/v2a/HIFI-Foley/public/videos/demo_show/1-1.mp4   =>   cos://texttoaudio-train-1258344703/hunyuanvideo-foley_demo/demo_show/1-1.mp4
2025-08-22 13:39:39,544 - [INFO]:  Upload /apdcephfs_cq8_1367250/share_1367250/qiunnli/v2a/HIFI-Foley/public/videos/demo_show/Ours__128d_200k__078.mp4   =>   cos://texttoaudio-train-1258344703/hunyuanvideo-foley_demo/demo_show/Ours__128d_200k__078.mp4
2025-08-22 13:39:39,591 - [INFO]:  Upload /apdcephfs_cq8_1367250/share_1367250/qiunnli/v2a/HIFI-Foley/public/videos/demo_show/FoleyCrafter_471.mp4   =>   cos://texttoaudio-train-1258344703/hunyuanvideo-foley_demo/demo_show/FoleyCrafter_471.mp4
2025-08-22 13:39:39,694 - [INFO]:  Upload /apdcephfs_cq8_1367250/share_1367250/qiunnli/v2a/HIFI-Foley/public/videos/demo_show/MMAudio_425.mp4   =>   cos://texttoaudio-train-1258344703/hunyuanvideo-foley_demo/demo_show/MMAudio_425.mp4
2025-08-22 13:39:39,862 - [INFO]:  Upload /apdcephfs_cq8_1367250/share_1367250/qiunnli/v2a/HIFI-Foley/public/videos/demo_show/Frieren_171.mp4   =>   cos://texttoaudio-train-1258344703/hunyuanvideo-foley_demo/demo_show/Frieren_171.mp4
2025-08-22 13:39:40,162 - [INFO]:  Upload /apdcephfs_cq8_1367250/share_1367250/qiunnli/v2a/HIFI-Foley/public/videos/demo_show/V_AURA_471.mp4   =>   cos://texttoaudio-train-1258344703/hunyuanvideo-foley_demo/demo_show/V_AURA_471.mp4
2025-08-22 13:39:40,341 - [INFO]:  Upload /apdcephfs_cq8_1367250/share_1367250/qiunnli/v2a/HIFI-Foley/public/videos/demo_show/Frieren_466.mp4   =>   cos://texttoaudio-train-1258344703/hunyuanvideo-foley_demo/demo_show/Frieren_466.mp4
2025-08-22 13:39:40,399 - [INFO]:  Upload /apdcephfs_cq8_1367250/share_1367250/qiunnli/v2a/HIFI-Foley/public/videos/demo_show/ThinkSound_425.mp4   =>   cos://texttoaudio-train-1258344703/hunyuanvideo-foley_demo/demo_show/ThinkSound_425.mp4
2025-08-22 13:39:40,420 - [INFO]:  Upload /apdcephfs_cq8_1367250/share_1367250/qiunnli/v2a/HIFI-Foley/public/videos/demo_show/7-1.mp4   =>   cos://texttoaudio-train-1258344703/hunyuanvideo-foley_demo/demo_show/7-1.mp4
2025-08-22 13:39:40,769 - [INFO]:  Upload /apdcephfs_cq8_1367250/share_1367250/qiunnli/v2a/HIFI-Foley/public/videos/demo_show/ThinkSound_457.mp4   =>   cos://texttoaudio-train-1258344703/hunyuanvideo-foley_demo/demo_show/ThinkSound_457.mp4
2025-08-22 13:39:40,829 - [INFO]:  Upload /apdcephfs_cq8_1367250/share_1367250/qiunnli/v2a/HIFI-Foley/public/videos/demo_show/FoleyCrafter_037.mp4   =>   cos://texttoaudio-train-1258344703/hunyuanvideo-foley_demo/demo_show/FoleyCrafter_037.mp4
2025-08-22 13:39:41,049 - [INFO]:  Upload /apdcephfs_cq8_1367250/share_1367250/qiunnli/v2a/HIFI-Foley/public/videos/demo_show/FoleyCrafter_451.mp4   =>   cos://texttoaudio-train-1258344703/hunyuanvideo-foley_demo/demo_show/FoleyCrafter_451.mp4
2025-08-22 13:39:41,457 - [INFO]:  Upload /apdcephfs_cq8_1367250/share_1367250/qiunnli/v2a/HIFI-Foley/public/videos/demo_show/Ours__128d_200k__071.mp4   =>   cos://texttoaudio-train-1258344703/hunyuanvideo-foley_demo/demo_show/Ours__128d_200k__071.mp4
2025-08-22 13:39:41,608 - [INFO]:  Upload /apdcephfs_cq8_1367250/share_1367250/qiunnli/v2a/HIFI-Foley/public/videos/demo_show/ThinkSound_067.mp4   =>   cos://texttoaudio-train-1258344703/hunyuanvideo-foley_demo/demo_show/ThinkSound_067.mp4
2025-08-22 13:39:41,700 - [INFO]:  Upload /apdcephfs_cq8_1367250/share_1367250/qiunnli/v2a/HIFI-Foley/public/videos/demo_show/8-2.mp4   =>   cos://texttoaudio-train-1258344703/hunyuanvideo-foley_demo/demo_show/8-2.mp4
2025-08-22 13:39:41,817 - [INFO]:  Upload /apdcephfs_cq8_1367250/share_1367250/qiunnli/v2a/HIFI-Foley/public/videos/demo_show/ThinkSound_021.mp4   =>   cos://texttoaudio-train-1258344703/hunyuanvideo-foley_demo/demo_show/ThinkSound_021.mp4
2025-08-22 13:39:42,234 - [INFO]:  Upload /apdcephfs_cq8_1367250/share_1367250/qiunnli/v2a/HIFI-Foley/public/videos/demo_show/5-4.mp4   =>   cos://texttoaudio-train-1258344703/hunyuanvideo-foley_demo/demo_show/5-4.mp4
2025-08-22 13:39:42,310 - [INFO]:  Upload /apdcephfs_cq8_1367250/share_1367250/qiunnli/v2a/HIFI-Foley/public/videos/demo_show/FoleyCrafter_062.mp4   =>   cos://texttoaudio-train-1258344703/hunyuanvideo-foley_demo/demo_show/FoleyCrafter_062.mp4
2025-08-22 13:39:42,387 - [INFO]:  Upload /apdcephfs_cq8_1367250/share_1367250/qiunnli/v2a/HIFI-Foley/public/videos/demo_show/Frieren_181.mp4   =>   cos://texttoaudio-train-1258344703/hunyuanvideo-foley_demo/demo_show/Frieren_181.mp4
2025-08-22 13:39:42,387 - [INFO]:  Upload /apdcephfs_cq8_1367250/share_1367250/qiunnli/v2a/HIFI-Foley/public/videos/demo_show/FoleyCrafter_006.mp4   =>   cos://texttoaudio-train-1258344703/hunyuanvideo-foley_demo/demo_show/FoleyCrafter_006.mp4
2025-08-22 13:39:42,708 - [INFO]:  Upload /apdcephfs_cq8_1367250/share_1367250/qiunnli/v2a/HIFI-Foley/public/videos/demo_show/7-3.mp4   =>   cos://texttoaudio-train-1258344703/hunyuanvideo-foley_demo/demo_show/7-3.mp4
2025-08-22 13:39:42,720 - [INFO]:  Upload /apdcephfs_cq8_1367250/share_1367250/qiunnli/v2a/HIFI-Foley/public/videos/demo_show/4-1.mp4   =>   cos://texttoaudio-train-1258344703/hunyuanvideo-foley_demo/demo_show/4-1.mp4
2025-08-22 13:39:43,031 - [INFO]:  Upload /apdcephfs_cq8_1367250/share_1367250/qiunnli/v2a/HIFI-Foley/public/videos/demo_show/Frieren_152.mp4   =>   cos://texttoaudio-train-1258344703/hunyuanvideo-foley_demo/demo_show/Frieren_152.mp4
2025-08-22 13:39:43,140 - [INFO]:  Upload /apdcephfs_cq8_1367250/share_1367250/qiunnli/v2a/HIFI-Foley/public/videos/demo_show/Frieren_071.mp4   =>   cos://texttoaudio-train-1258344703/hunyuanvideo-foley_demo/demo_show/Frieren_071.mp4
2025-08-22 13:39:43,295 - [INFO]:  Upload /apdcephfs_cq8_1367250/share_1367250/qiunnli/v2a/HIFI-Foley/public/videos/demo_show/3-2.mp4   =>   cos://texttoaudio-train-1258344703/hunyuanvideo-foley_demo/demo_show/3-2.mp4
2025-08-22 13:39:43,421 - [INFO]:  Upload /apdcephfs_cq8_1367250/share_1367250/qiunnli/v2a/HIFI-Foley/public/videos/demo_show/V_AURA_167.mp4   =>   cos://texttoaudio-train-1258344703/hunyuanvideo-foley_demo/demo_show/V_AURA_167.mp4
2025-08-22 13:39:43,440 - [INFO]:  Upload /apdcephfs_cq8_1367250/share_1367250/qiunnli/v2a/HIFI-Foley/public/videos/demo_show/2-2.mp4   =>   cos://texttoaudio-train-1258344703/hunyuanvideo-foley_demo/demo_show/2-2.mp4
2025-08-22 13:39:43,753 - [INFO]:  Upload /apdcephfs_cq8_1367250/share_1367250/qiunnli/v2a/HIFI-Foley/public/videos/demo_show/Ours__128d_200k__021.mp4   =>   cos://texttoaudio-train-1258344703/hunyuanvideo-foley_demo/demo_show/Ours__128d_200k__021.mp4
2025-08-22 13:39:43,841 - [INFO]:  Upload /apdcephfs_cq8_1367250/share_1367250/qiunnli/v2a/HIFI-Foley/public/videos/demo_show/MMAudio_457.mp4   =>   cos://texttoaudio-train-1258344703/hunyuanvideo-foley_demo/demo_show/MMAudio_457.mp4
2025-08-22 13:39:43,851 - [INFO]:  Upload /apdcephfs_cq8_1367250/share_1367250/qiunnli/v2a/HIFI-Foley/public/videos/demo_show/FoleyCrafter_457.mp4   =>   cos://texttoaudio-train-1258344703/hunyuanvideo-foley_demo/demo_show/FoleyCrafter_457.mp4
2025-08-22 13:39:44,164 - [INFO]:  Upload /apdcephfs_cq8_1367250/share_1367250/qiunnli/v2a/HIFI-Foley/public/videos/demo_show/FoleyCrafter_077.mp4   =>   cos://texttoaudio-train-1258344703/hunyuanvideo-foley_demo/demo_show/FoleyCrafter_077.mp4
2025-08-22 13:39:44,276 - [INFO]:  Upload /apdcephfs_cq8_1367250/share_1367250/qiunnli/v2a/HIFI-Foley/public/videos/demo_show/Ours__128d_200k__062.mp4   =>   cos://texttoaudio-train-1258344703/hunyuanvideo-foley_demo/demo_show/Ours__128d_200k__062.mp4
2025-08-22 13:39:44,610 - [INFO]:  Upload /apdcephfs_cq8_1367250/share_1367250/qiunnli/v2a/HIFI-Foley/public/videos/demo_show/10-4.mp4   =>   cos://texttoaudio-train-1258344703/hunyuanvideo-foley_demo/demo_show/10-4.mp4
2025-08-22 13:39:44,791 - [INFO]:  Upload /apdcephfs_cq8_1367250/share_1367250/qiunnli/v2a/HIFI-Foley/public/videos/demo_show/FoleyCrafter_466.mp4   =>   cos://texttoaudio-train-1258344703/hunyuanvideo-foley_demo/demo_show/FoleyCrafter_466.mp4
2025-08-22 13:39:45,008 - [INFO]:  Upload /apdcephfs_cq8_1367250/share_1367250/qiunnli/v2a/HIFI-Foley/public/videos/demo_show/8-4.mp4   =>   cos://texttoaudio-train-1258344703/hunyuanvideo-foley_demo/demo_show/8-4.mp4
2025-08-22 13:39:45,174 - [INFO]:  Upload /apdcephfs_cq8_1367250/share_1367250/qiunnli/v2a/HIFI-Foley/public/videos/demo_show/1-2.mp4   =>   cos://texttoaudio-train-1258344703/hunyuanvideo-foley_demo/demo_show/1-2.mp4
2025-08-22 13:39:45,373 - [INFO]:  Upload /apdcephfs_cq8_1367250/share_1367250/qiunnli/v2a/HIFI-Foley/public/videos/demo_show/2-3.mp4   =>   cos://texttoaudio-train-1258344703/hunyuanvideo-foley_demo/demo_show/2-3.mp4
2025-08-22 13:39:45,388 - [INFO]:  Upload /apdcephfs_cq8_1367250/share_1367250/qiunnli/v2a/HIFI-Foley/public/videos/demo_show/5-2.mp4   =>   cos://texttoaudio-train-1258344703/hunyuanvideo-foley_demo/demo_show/5-2.mp4
2025-08-22 13:39:45,438 - [INFO]:  Upload /apdcephfs_cq8_1367250/share_1367250/qiunnli/v2a/HIFI-Foley/public/videos/demo_show/ThinkSound_063.mp4   =>   cos://texttoaudio-train-1258344703/hunyuanvideo-foley_demo/demo_show/ThinkSound_063.mp4
2025-08-22 13:39:45,804 - [INFO]:  Upload /apdcephfs_cq8_1367250/share_1367250/qiunnli/v2a/HIFI-Foley/public/videos/demo_show/Frieren_425.mp4   =>   cos://texttoaudio-train-1258344703/hunyuanvideo-foley_demo/demo_show/Frieren_425.mp4
2025-08-22 13:39:45,958 - [INFO]:  Upload /apdcephfs_cq8_1367250/share_1367250/qiunnli/v2a/HIFI-Foley/public/videos/demo_show/MMAudio_078.mp4   =>   cos://texttoaudio-train-1258344703/hunyuanvideo-foley_demo/demo_show/MMAudio_078.mp4
2025-08-22 13:39:46,209 - [INFO]:  Upload /apdcephfs_cq8_1367250/share_1367250/qiunnli/v2a/HIFI-Foley/public/videos/demo_show/V_AURA_063.mp4   =>   cos://texttoaudio-train-1258344703/hunyuanvideo-foley_demo/demo_show/V_AURA_063.mp4
2025-08-22 13:39:46,399 - [INFO]:  Upload /apdcephfs_cq8_1367250/share_1367250/qiunnli/v2a/HIFI-Foley/public/videos/demo_show/FoleyCrafter_025.mp4   =>   cos://texttoaudio-train-1258344703/hunyuanvideo-foley_demo/demo_show/FoleyCrafter_025.mp4
2025-08-22 13:39:46,400 - [INFO]:  Upload /apdcephfs_cq8_1367250/share_1367250/qiunnli/v2a/HIFI-Foley/public/videos/demo_show/ThinkSound_062.mp4   =>   cos://texttoaudio-train-1258344703/hunyuanvideo-foley_demo/demo_show/ThinkSound_062.mp4
2025-08-22 13:39:46,499 - [INFO]:  Upload /apdcephfs_cq8_1367250/share_1367250/qiunnli/v2a/HIFI-Foley/public/videos/demo_show/MMAudio_007.mp4   =>   cos://texttoaudio-train-1258344703/hunyuanvideo-foley_demo/demo_show/MMAudio_007.mp4
2025-08-22 13:39:46,593 - [INFO]:  Upload /apdcephfs_cq8_1367250/share_1367250/qiunnli/v2a/HIFI-Foley/public/videos/demo_show/FoleyCrafter_152.mp4   =>   cos://texttoaudio-train-1258344703/hunyuanvideo-foley_demo/demo_show/FoleyCrafter_152.mp4
2025-08-22 13:39:46,725 - [INFO]:  Upload /apdcephfs_cq8_1367250/share_1367250/qiunnli/v2a/HIFI-Foley/public/videos/demo_show/FoleyCrafter_071.mp4   =>   cos://texttoaudio-train-1258344703/hunyuanvideo-foley_demo/demo_show/FoleyCrafter_071.mp4
2025-08-22 13:39:46,967 - [INFO]:  Upload /apdcephfs_cq8_1367250/share_1367250/qiunnli/v2a/HIFI-Foley/public/videos/demo_show/FoleyCrafter_078.mp4   =>   cos://texttoaudio-train-1258344703/hunyuanvideo-foley_demo/demo_show/FoleyCrafter_078.mp4
2025-08-22 13:39:47,108 - [INFO]:  Upload /apdcephfs_cq8_1367250/share_1367250/qiunnli/v2a/HIFI-Foley/public/videos/demo_show/Frieren_026.mp4   =>   cos://texttoaudio-train-1258344703/hunyuanvideo-foley_demo/demo_show/Frieren_026.mp4
2025-08-22 13:39:47,267 - [INFO]:  Upload /apdcephfs_cq8_1367250/share_1367250/qiunnli/v2a/HIFI-Foley/public/videos/demo_show/Ours__128d_200k__105.mp4   =>   cos://texttoaudio-train-1258344703/hunyuanvideo-foley_demo/demo_show/Ours__128d_200k__105.mp4
2025-08-22 13:39:47,268 - [INFO]:  Upload /apdcephfs_cq8_1367250/share_1367250/qiunnli/v2a/HIFI-Foley/public/videos/demo_show/ThinkSound_026.mp4   =>   cos://texttoaudio-train-1258344703/hunyuanvideo-foley_demo/demo_show/ThinkSound_026.mp4
2025-08-22 13:39:47,372 - [INFO]:  Upload /apdcephfs_cq8_1367250/share_1367250/qiunnli/v2a/HIFI-Foley/public/videos/demo_show/V_AURA_056.mp4   =>   cos://texttoaudio-train-1258344703/hunyuanvideo-foley_demo/demo_show/V_AURA_056.mp4
2025-08-22 13:39:47,612 - [INFO]:  Upload /apdcephfs_cq8_1367250/share_1367250/qiunnli/v2a/HIFI-Foley/public/videos/demo_show/3-3.mp4   =>   cos://texttoaudio-train-1258344703/hunyuanvideo-foley_demo/demo_show/3-3.mp4
2025-08-22 13:39:47,639 - [INFO]:  Upload /apdcephfs_cq8_1367250/share_1367250/qiunnli/v2a/HIFI-Foley/public/videos/demo_show/V_AURA_077.mp4   =>   cos://texttoaudio-train-1258344703/hunyuanvideo-foley_demo/demo_show/V_AURA_077.mp4
2025-08-22 13:39:47,846 - [INFO]:  Upload /apdcephfs_cq8_1367250/share_1367250/qiunnli/v2a/HIFI-Foley/public/videos/demo_show/FoleyCrafter_050.mp4   =>   cos://texttoaudio-train-1258344703/hunyuanvideo-foley_demo/demo_show/FoleyCrafter_050.mp4
2025-08-22 13:39:48,008 - [INFO]:  Upload /apdcephfs_cq8_1367250/share_1367250/qiunnli/v2a/HIFI-Foley/public/videos/demo_show/MMAudio_385.mp4   =>   cos://texttoaudio-train-1258344703/hunyuanvideo-foley_demo/demo_show/MMAudio_385.mp4
2025-08-22 13:39:48,075 - [INFO]:  Upload /apdcephfs_cq8_1367250/share_1367250/qiunnli/v2a/HIFI-Foley/public/videos/demo_show/ThinkSound_007.mp4   =>   cos://texttoaudio-train-1258344703/hunyuanvideo-foley_demo/demo_show/ThinkSound_007.mp4
2025-08-22 13:39:48,145 - [INFO]:  Upload /apdcephfs_cq8_1367250/share_1367250/qiunnli/v2a/HIFI-Foley/public/videos/demo_show/1-4.mp4   =>   cos://texttoaudio-train-1258344703/hunyuanvideo-foley_demo/demo_show/1-4.mp4
2025-08-22 13:39:48,185 - [INFO]:  Upload /apdcephfs_cq8_1367250/share_1367250/qiunnli/v2a/HIFI-Foley/public/videos/demo_show/6-4.mp4   =>   cos://texttoaudio-train-1258344703/hunyuanvideo-foley_demo/demo_show/6-4.mp4
2025-08-22 13:39:48,298 - [INFO]:  Upload /apdcephfs_cq8_1367250/share_1367250/qiunnli/v2a/HIFI-Foley/public/videos/demo_show/10-3.mp4   =>   cos://texttoaudio-train-1258344703/hunyuanvideo-foley_demo/demo_show/10-3.mp4
2025-08-22 13:39:48,486 - [INFO]:  Upload /apdcephfs_cq8_1367250/share_1367250/qiunnli/v2a/HIFI-Foley/public/videos/demo_show/V_AURA_007.mp4   =>   cos://texttoaudio-train-1258344703/hunyuanvideo-foley_demo/demo_show/V_AURA_007.mp4
2025-08-22 13:39:48,715 - [INFO]:  Upload /apdcephfs_cq8_1367250/share_1367250/qiunnli/v2a/HIFI-Foley/public/videos/demo_show/Ours__128d_200k__025.mp4   =>   cos://texttoaudio-train-1258344703/hunyuanvideo-foley_demo/demo_show/Ours__128d_200k__025.mp4
2025-08-22 13:39:48,729 - [INFO]:  Upload /apdcephfs_cq8_1367250/share_1367250/qiunnli/v2a/HIFI-Foley/public/videos/demo_show/V_AURA_026.mp4   =>   cos://texttoaudio-train-1258344703/hunyuanvideo-foley_demo/demo_show/V_AURA_026.mp4
2025-08-22 13:39:49,179 - [INFO]:  Upload /apdcephfs_cq8_1367250/share_1367250/qiunnli/v2a/HIFI-Foley/public/videos/demo_show/ThinkSound_451.mp4   =>   cos://texttoaudio-train-1258344703/hunyuanvideo-foley_demo/demo_show/ThinkSound_451.mp4
2025-08-22 13:39:49,658 - [INFO]:  Upload /apdcephfs_cq8_1367250/share_1367250/qiunnli/v2a/HIFI-Foley/public/videos/demo_show/ThinkSound_099.mp4   =>   cos://texttoaudio-train-1258344703/hunyuanvideo-foley_demo/demo_show/ThinkSound_099.mp4
2025-08-22 13:39:49,694 - [INFO]:  Upload /apdcephfs_cq8_1367250/share_1367250/qiunnli/v2a/HIFI-Foley/public/videos/demo_show/6-1.mp4   =>   cos://texttoaudio-train-1258344703/hunyuanvideo-foley_demo/demo_show/6-1.mp4
2025-08-22 13:39:49,902 - [INFO]:  Upload /apdcephfs_cq8_1367250/share_1367250/qiunnli/v2a/HIFI-Foley/public/videos/demo_show/3-4.mp4   =>   cos://texttoaudio-train-1258344703/hunyuanvideo-foley_demo/demo_show/3-4.mp4
2025-08-22 13:39:50,287 - [INFO]:  Upload /apdcephfs_cq8_1367250/share_1367250/qiunnli/v2a/HIFI-Foley/public/videos/demo_show/Ours__128d_200k__167.mp4   =>   cos://texttoaudio-train-1258344703/hunyuanvideo-foley_demo/demo_show/Ours__128d_200k__167.mp4
2025-08-22 13:39:50,358 - [INFO]:  Upload /apdcephfs_cq8_1367250/share_1367250/qiunnli/v2a/HIFI-Foley/public/videos/demo_show/2-4.mp4   =>   cos://texttoaudio-train-1258344703/hunyuanvideo-foley_demo/demo_show/2-4.mp4
2025-08-22 13:39:50,568 - [INFO]:  Upload /apdcephfs_cq8_1367250/share_1367250/qiunnli/v2a/HIFI-Foley/public/videos/demo_show/ThinkSound_171.mp4   =>   cos://texttoaudio-train-1258344703/hunyuanvideo-foley_demo/demo_show/ThinkSound_171.mp4
2025-08-22 13:39:51,107 - [INFO]:  Upload /apdcephfs_cq8_1367250/share_1367250/qiunnli/v2a/HIFI-Foley/public/videos/demo_show/6-2.mp4   =>   cos://texttoaudio-train-1258344703/hunyuanvideo-foley_demo/demo_show/6-2.mp4
2025-08-22 13:39:51,268 - [INFO]:  Upload /apdcephfs_cq8_1367250/share_1367250/qiunnli/v2a/HIFI-Foley/public/videos/demo_show/MMAudio_099.mp4   =>   cos://texttoaudio-train-1258344703/hunyuanvideo-foley_demo/demo_show/MMAudio_099.mp4
2025-08-22 13:39:51,381 - [INFO]:  Upload /apdcephfs_cq8_1367250/share_1367250/qiunnli/v2a/HIFI-Foley/public/videos/demo_show/MMAudio_451.mp4   =>   cos://texttoaudio-train-1258344703/hunyuanvideo-foley_demo/demo_show/MMAudio_451.mp4
2025-08-22 13:39:51,892 - [INFO]:  Upload /apdcephfs_cq8_1367250/share_1367250/qiunnli/v2a/HIFI-Foley/public/videos/demo_show/Frieren_451.mp4   =>   cos://texttoaudio-train-1258344703/hunyuanvideo-foley_demo/demo_show/Frieren_451.mp4
2025-08-22 13:39:51,969 - [INFO]:  Upload /apdcephfs_cq8_1367250/share_1367250/qiunnli/v2a/HIFI-Foley/public/videos/demo_show/ThinkSound_385.mp4   =>   cos://texttoaudio-train-1258344703/hunyuanvideo-foley_demo/demo_show/ThinkSound_385.mp4
2025-08-22 13:39:52,100 - [INFO]:  Upload /apdcephfs_cq8_1367250/share_1367250/qiunnli/v2a/HIFI-Foley/public/videos/demo_show/FoleyCrafter_181.mp4   =>   cos://texttoaudio-train-1258344703/hunyuanvideo-foley_demo/demo_show/FoleyCrafter_181.mp4
2025-08-22 13:39:52,113 - [INFO]:  Upload /apdcephfs_cq8_1367250/share_1367250/qiunnli/v2a/HIFI-Foley/public/videos/demo_show/FoleyCrafter_056.mp4   =>   cos://texttoaudio-train-1258344703/hunyuanvideo-foley_demo/demo_show/FoleyCrafter_056.mp4
2025-08-22 13:39:52,584 - [INFO]:  Upload /apdcephfs_cq8_1367250/share_1367250/qiunnli/v2a/HIFI-Foley/public/videos/demo_show/MMAudio_021.mp4   =>   cos://texttoaudio-train-1258344703/hunyuanvideo-foley_demo/demo_show/MMAudio_021.mp4
2025-08-22 13:39:52,659 - [INFO]:  Upload /apdcephfs_cq8_1367250/share_1367250/qiunnli/v2a/HIFI-Foley/public/videos/demo_show/V_AURA_006.mp4   =>   cos://texttoaudio-train-1258344703/hunyuanvideo-foley_demo/demo_show/V_AURA_006.mp4
2025-08-22 13:39:53,000 - [INFO]:  Upload /apdcephfs_cq8_1367250/share_1367250/qiunnli/v2a/HIFI-Foley/public/videos/demo_show/Ours__128d_200k__063.mp4   =>   cos://texttoaudio-train-1258344703/hunyuanvideo-foley_demo/demo_show/Ours__128d_200k__063.mp4
2025-08-22 13:39:53,131 - [INFO]:  Upload /apdcephfs_cq8_1367250/share_1367250/qiunnli/v2a/HIFI-Foley/public/videos/demo_show/FoleyCrafter_063.mp4   =>   cos://texttoaudio-train-1258344703/hunyuanvideo-foley_demo/demo_show/FoleyCrafter_063.mp4
2025-08-22 13:39:53,250 - [INFO]:  Upload /apdcephfs_cq8_1367250/share_1367250/qiunnli/v2a/HIFI-Foley/public/videos/demo_show/Ours__128d_200k__471.mp4   =>   cos://texttoaudio-train-1258344703/hunyuanvideo-foley_demo/demo_show/Ours__128d_200k__471.mp4
2025-08-22 13:39:53,283 - [INFO]:  Upload /apdcephfs_cq8_1367250/share_1367250/qiunnli/v2a/HIFI-Foley/public/videos/demo_show/ThinkSound_025.mp4   =>   cos://texttoaudio-train-1258344703/hunyuanvideo-foley_demo/demo_show/ThinkSound_025.mp4
2025-08-22 13:39:53,517 - [INFO]:  Upload /apdcephfs_cq8_1367250/share_1367250/qiunnli/v2a/HIFI-Foley/public/videos/demo_show/9-4.mp4   =>   cos://texttoaudio-train-1258344703/hunyuanvideo-foley_demo/demo_show/9-4.mp4
2025-08-22 13:39:53,696 - [INFO]:  Upload /apdcephfs_cq8_1367250/share_1367250/qiunnli/v2a/HIFI-Foley/public/videos/demo_show/Frieren_056.mp4   =>   cos://texttoaudio-train-1258344703/hunyuanvideo-foley_demo/demo_show/Frieren_056.mp4
2025-08-22 13:39:54,106 - [INFO]:  Upload /apdcephfs_cq8_1367250/share_1367250/qiunnli/v2a/HIFI-Foley/public/videos/demo_show/Ours__128d_200k__037.mp4   =>   cos://texttoaudio-train-1258344703/hunyuanvideo-foley_demo/demo_show/Ours__128d_200k__037.mp4
2025-08-22 13:39:54,323 - [INFO]:  Upload /apdcephfs_cq8_1367250/share_1367250/qiunnli/v2a/HIFI-Foley/public/videos/demo_show/MMAudio_471.mp4   =>   cos://texttoaudio-train-1258344703/hunyuanvideo-foley_demo/demo_show/MMAudio_471.mp4
2025-08-22 13:39:54,678 - [INFO]:  Upload /apdcephfs_cq8_1367250/share_1367250/qiunnli/v2a/HIFI-Foley/public/videos/demo_show/MMAudio_167.mp4   =>   cos://texttoaudio-train-1258344703/hunyuanvideo-foley_demo/demo_show/MMAudio_167.mp4
2025-08-22 13:39:54,715 - [INFO]:  Upload /apdcephfs_cq8_1367250/share_1367250/qiunnli/v2a/HIFI-Foley/public/videos/demo_show/FoleyCrafter_067.mp4   =>   cos://texttoaudio-train-1258344703/hunyuanvideo-foley_demo/demo_show/FoleyCrafter_067.mp4
2025-08-22 13:39:54,775 - [INFO]:  Upload /apdcephfs_cq8_1367250/share_1367250/qiunnli/v2a/HIFI-Foley/public/videos/demo_show/FoleyCrafter_007.mp4   =>   cos://texttoaudio-train-1258344703/hunyuanvideo-foley_demo/demo_show/FoleyCrafter_007.mp4
2025-08-22 13:39:55,269 - [INFO]:  Upload /apdcephfs_cq8_1367250/share_1367250/qiunnli/v2a/HIFI-Foley/public/videos/demo_show/MMAudio_037.mp4   =>   cos://texttoaudio-train-1258344703/hunyuanvideo-foley_demo/demo_show/MMAudio_037.mp4
2025-08-22 13:39:55,288 - [INFO]:  Upload /apdcephfs_cq8_1367250/share_1367250/qiunnli/v2a/HIFI-Foley/public/videos/demo_show/Frieren_078.mp4   =>   cos://texttoaudio-train-1258344703/hunyuanvideo-foley_demo/demo_show/Frieren_078.mp4
2025-08-22 13:39:55,428 - [INFO]:  Upload /apdcephfs_cq8_1367250/share_1367250/qiunnli/v2a/HIFI-Foley/public/videos/demo_show/Ours__128d_200k__457.mp4   =>   cos://texttoaudio-train-1258344703/hunyuanvideo-foley_demo/demo_show/Ours__128d_200k__457.mp4
2025-08-22 13:39:55,575 - [INFO]:  Upload /apdcephfs_cq8_1367250/share_1367250/qiunnli/v2a/HIFI-Foley/public/videos/demo_show/V_AURA_062.mp4   =>   cos://texttoaudio-train-1258344703/hunyuanvideo-foley_demo/demo_show/V_AURA_062.mp4
2025-08-22 13:39:55,964 - [INFO]:  Upload /apdcephfs_cq8_1367250/share_1367250/qiunnli/v2a/HIFI-Foley/public/videos/demo_show/9-2.mp4   =>   cos://texttoaudio-train-1258344703/hunyuanvideo-foley_demo/demo_show/9-2.mp4
2025-08-22 13:39:56,050 - [INFO]:  Upload /apdcephfs_cq8_1367250/share_1367250/qiunnli/v2a/HIFI-Foley/public/videos/demo_show/MMAudio_025.mp4   =>   cos://texttoaudio-train-1258344703/hunyuanvideo-foley_demo/demo_show/MMAudio_025.mp4
2025-08-22 13:39:56,136 - [INFO]:  Upload /apdcephfs_cq8_1367250/share_1367250/qiunnli/v2a/HIFI-Foley/public/videos/demo_show/FoleyCrafter_385.mp4   =>   cos://texttoaudio-train-1258344703/hunyuanvideo-foley_demo/demo_show/FoleyCrafter_385.mp4
2025-08-22 13:39:56,259 - [INFO]:  Upload /apdcephfs_cq8_1367250/share_1367250/qiunnli/v2a/HIFI-Foley/public/videos/demo_show/MMAudio_056.mp4   =>   cos://texttoaudio-train-1258344703/hunyuanvideo-foley_demo/demo_show/MMAudio_056.mp4
2025-08-22 13:39:56,529 - [INFO]:  Upload /apdcephfs_cq8_1367250/share_1367250/qiunnli/v2a/HIFI-Foley/public/videos/demo_show/Ours__128d_200k__160.mp4   =>   cos://texttoaudio-train-1258344703/hunyuanvideo-foley_demo/demo_show/Ours__128d_200k__160.mp4
2025-08-22 13:39:56,780 - [INFO]:  Upload /apdcephfs_cq8_1367250/share_1367250/qiunnli/v2a/HIFI-Foley/public/videos/demo_show/ThinkSound_466.mp4   =>   cos://texttoaudio-train-1258344703/hunyuanvideo-foley_demo/demo_show/ThinkSound_466.mp4
2025-08-22 13:39:56,909 - [INFO]:  Upload /apdcephfs_cq8_1367250/share_1367250/qiunnli/v2a/HIFI-Foley/public/videos/demo_show/Frieren_025.mp4   =>   cos://texttoaudio-train-1258344703/hunyuanvideo-foley_demo/demo_show/Frieren_025.mp4
2025-08-22 13:39:57,108 - [INFO]:  Upload /apdcephfs_cq8_1367250/share_1367250/qiunnli/v2a/HIFI-Foley/public/videos/demo_show/ThinkSound_050.mp4   =>   cos://texttoaudio-train-1258344703/hunyuanvideo-foley_demo/demo_show/ThinkSound_050.mp4
2025-08-22 13:39:57,410 - [INFO]:  Upload /apdcephfs_cq8_1367250/share_1367250/qiunnli/v2a/HIFI-Foley/public/videos/demo_show/MMAudio_466.mp4   =>   cos://texttoaudio-train-1258344703/hunyuanvideo-foley_demo/demo_show/MMAudio_466.mp4
2025-08-22 13:39:57,419 - [INFO]:  Upload /apdcephfs_cq8_1367250/share_1367250/qiunnli/v2a/HIFI-Foley/public/videos/demo_show/Ours__128d_200k__181.mp4   =>   cos://texttoaudio-train-1258344703/hunyuanvideo-foley_demo/demo_show/Ours__128d_200k__181.mp4
2025-08-22 13:39:57,423 - [INFO]:  Upload /apdcephfs_cq8_1367250/share_1367250/qiunnli/v2a/HIFI-Foley/public/videos/demo_show/V_AURA_021.mp4   =>   cos://texttoaudio-train-1258344703/hunyuanvideo-foley_demo/demo_show/V_AURA_021.mp4
2025-08-22 13:39:57,557 - [INFO]:  Upload /apdcephfs_cq8_1367250/share_1367250/qiunnli/v2a/HIFI-Foley/public/videos/demo_show/ThinkSound_077.mp4   =>   cos://texttoaudio-train-1258344703/hunyuanvideo-foley_demo/demo_show/ThinkSound_077.mp4
2025-08-22 13:39:57,558 - [INFO]:  Upload /apdcephfs_cq8_1367250/share_1367250/qiunnli/v2a/HIFI-Foley/public/videos/demo_show/V_AURA_152.mp4   =>   cos://texttoaudio-train-1258344703/hunyuanvideo-foley_demo/demo_show/V_AURA_152.mp4
2025-08-22 13:39:57,968 - [INFO]:  Upload /apdcephfs_cq8_1367250/share_1367250/qiunnli/v2a/HIFI-Foley/public/videos/demo_show/Ours__128d_200k__094.mp4   =>   cos://texttoaudio-train-1258344703/hunyuanvideo-foley_demo/demo_show/Ours__128d_200k__094.mp4
2025-08-22 13:39:58,115 - [INFO]:  Upload /apdcephfs_cq8_1367250/share_1367250/qiunnli/v2a/HIFI-Foley/public/videos/demo_show/Frieren_037.mp4   =>   cos://texttoaudio-train-1258344703/hunyuanvideo-foley_demo/demo_show/Frieren_037.mp4
2025-08-22 13:39:58,264 - [INFO]:  Upload /apdcephfs_cq8_1367250/share_1367250/qiunnli/v2a/HIFI-Foley/public/videos/demo_show/Frieren_021.mp4   =>   cos://texttoaudio-train-1258344703/hunyuanvideo-foley_demo/demo_show/Frieren_021.mp4
2025-08-22 13:39:58,318 - [INFO]:  Upload /apdcephfs_cq8_1367250/share_1367250/qiunnli/v2a/HIFI-Foley/public/videos/demo_show/MMAudio_181.mp4   =>   cos://texttoaudio-train-1258344703/hunyuanvideo-foley_demo/demo_show/MMAudio_181.mp4
2025-08-22 13:39:58,455 - [INFO]:  Upload /apdcephfs_cq8_1367250/share_1367250/qiunnli/v2a/HIFI-Foley/public/videos/demo_show/MMAudio_077.mp4   =>   cos://texttoaudio-train-1258344703/hunyuanvideo-foley_demo/demo_show/MMAudio_077.mp4
2025-08-22 13:39:58,724 - [INFO]:  Upload /apdcephfs_cq8_1367250/share_1367250/qiunnli/v2a/HIFI-Foley/public/videos/demo_show/MMAudio_026.mp4   =>   cos://texttoaudio-train-1258344703/hunyuanvideo-foley_demo/demo_show/MMAudio_026.mp4
2025-08-22 13:39:58,777 - [INFO]:  Upload /apdcephfs_cq8_1367250/share_1367250/qiunnli/v2a/HIFI-Foley/public/videos/demo_show/Frieren_007.mp4   =>   cos://texttoaudio-train-1258344703/hunyuanvideo-foley_demo/demo_show/Frieren_007.mp4
2025-08-22 13:39:58,840 - [INFO]:  Upload /apdcephfs_cq8_1367250/share_1367250/qiunnli/v2a/HIFI-Foley/public/videos/demo_show/Frieren_067.mp4   =>   cos://texttoaudio-train-1258344703/hunyuanvideo-foley_demo/demo_show/Frieren_067.mp4
2025-08-22 13:39:58,925 - [INFO]:  Upload /apdcephfs_cq8_1367250/share_1367250/qiunnli/v2a/HIFI-Foley/public/videos/demo_show/V_AURA_466.mp4   =>   cos://texttoaudio-train-1258344703/hunyuanvideo-foley_demo/demo_show/V_AURA_466.mp4
2025-08-22 13:39:58,957 - [INFO]:  Upload /apdcephfs_cq8_1367250/share_1367250/qiunnli/v2a/HIFI-Foley/public/videos/demo_show/5-1.mp4   =>   cos://texttoaudio-train-1258344703/hunyuanvideo-foley_demo/demo_show/5-1.mp4
2025-08-22 13:39:59,454 - [INFO]:  Upload /apdcephfs_cq8_1367250/share_1367250/qiunnli/v2a/HIFI-Foley/public/videos/demo_show/10-2.mp4   =>   cos://texttoaudio-train-1258344703/hunyuanvideo-foley_demo/demo_show/10-2.mp4
2025-08-22 13:39:59,488 - [INFO]:  Upload /apdcephfs_cq8_1367250/share_1367250/qiunnli/v2a/HIFI-Foley/public/videos/demo_show/ThinkSound_056.mp4   =>   cos://texttoaudio-train-1258344703/hunyuanvideo-foley_demo/demo_show/ThinkSound_056.mp4
2025-08-22 13:39:59,535 - [INFO]:  Upload /apdcephfs_cq8_1367250/share_1367250/qiunnli/v2a/HIFI-Foley/public/videos/demo_show/Ours__128d_200k__067.mp4   =>   cos://texttoaudio-train-1258344703/hunyuanvideo-foley_demo/demo_show/Ours__128d_200k__067.mp4
2025-08-22 13:39:59,540 - [INFO]:  Upload /apdcephfs_cq8_1367250/share_1367250/qiunnli/v2a/HIFI-Foley/public/videos/demo_show/Frieren_062.mp4   =>   cos://texttoaudio-train-1258344703/hunyuanvideo-foley_demo/demo_show/Frieren_062.mp4
2025-08-22 13:39:59,593 - [INFO]:  Upload /apdcephfs_cq8_1367250/share_1367250/qiunnli/v2a/HIFI-Foley/public/videos/demo_show/Ours__128d_200k__056.mp4   =>   cos://texttoaudio-train-1258344703/hunyuanvideo-foley_demo/demo_show/Ours__128d_200k__056.mp4
2025-08-22 13:40:00,298 - [INFO]:  Upload /apdcephfs_cq8_1367250/share_1367250/qiunnli/v2a/HIFI-Foley/public/videos/demo_show/V_AURA_105.mp4   =>   cos://texttoaudio-train-1258344703/hunyuanvideo-foley_demo/demo_show/V_AURA_105.mp4
2025-08-22 13:40:00,490 - [INFO]:  Upload /apdcephfs_cq8_1367250/share_1367250/qiunnli/v2a/HIFI-Foley/public/videos/demo_show/V_AURA_094.mp4   =>   cos://texttoaudio-train-1258344703/hunyuanvideo-foley_demo/demo_show/V_AURA_094.mp4
2025-08-22 13:40:00,620 - [INFO]:  Upload /apdcephfs_cq8_1367250/share_1367250/qiunnli/v2a/HIFI-Foley/public/videos/demo_show/MMAudio_171.mp4   =>   cos://texttoaudio-train-1258344703/hunyuanvideo-foley_demo/demo_show/MMAudio_171.mp4
2025-08-22 13:40:00,681 - [INFO]:  Upload /apdcephfs_cq8_1367250/share_1367250/qiunnli/v2a/HIFI-Foley/public/videos/demo_show/Frieren_471.mp4   =>   cos://texttoaudio-train-1258344703/hunyuanvideo-foley_demo/demo_show/Frieren_471.mp4
2025-08-22 13:40:00,794 - [INFO]:  Upload /apdcephfs_cq8_1367250/share_1367250/qiunnli/v2a/HIFI-Foley/public/videos/demo_show/ThinkSound_094.mp4   =>   cos://texttoaudio-train-1258344703/hunyuanvideo-foley_demo/demo_show/ThinkSound_094.mp4
2025-08-22 13:40:00,856 - [INFO]:  Upload /apdcephfs_cq8_1367250/share_1367250/qiunnli/v2a/HIFI-Foley/public/videos/demo_show/Frieren_006.mp4   =>   cos://texttoaudio-train-1258344703/hunyuanvideo-foley_demo/demo_show/Frieren_006.mp4
2025-08-22 13:40:01,144 - [INFO]:  Upload /apdcephfs_cq8_1367250/share_1367250/qiunnli/v2a/HIFI-Foley/public/videos/demo_show/5-3.mp4   =>   cos://texttoaudio-train-1258344703/hunyuanvideo-foley_demo/demo_show/5-3.mp4
2025-08-22 13:40:01,180 - [INFO]:  Upload /apdcephfs_cq8_1367250/share_1367250/qiunnli/v2a/HIFI-Foley/public/videos/demo_show/ThinkSound_471.mp4   =>   cos://texttoaudio-train-1258344703/hunyuanvideo-foley_demo/demo_show/ThinkSound_471.mp4
2025-08-22 13:40:01,427 - [INFO]:  Upload /apdcephfs_cq8_1367250/share_1367250/qiunnli/v2a/HIFI-Foley/public/videos/demo_show/FoleyCrafter_425.mp4   =>   cos://texttoaudio-train-1258344703/hunyuanvideo-foley_demo/demo_show/FoleyCrafter_425.mp4
2025-08-22 13:40:01,436 - [INFO]:  Upload /apdcephfs_cq8_1367250/share_1367250/qiunnli/v2a/HIFI-Foley/public/videos/demo_show/MMAudio_067.mp4   =>   cos://texttoaudio-train-1258344703/hunyuanvideo-foley_demo/demo_show/MMAudio_067.mp4
2025-08-22 13:40:01,618 - [INFO]:  Upload /apdcephfs_cq8_1367250/share_1367250/qiunnli/v2a/HIFI-Foley/public/videos/demo_show/Ours__128d_200k__077.mp4   =>   cos://texttoaudio-train-1258344703/hunyuanvideo-foley_demo/demo_show/Ours__128d_200k__077.mp4
2025-08-22 13:40:01,708 - [INFO]:  Upload /apdcephfs_cq8_1367250/share_1367250/qiunnli/v2a/HIFI-Foley/public/videos/demo_show/Frieren_105.mp4   =>   cos://texttoaudio-train-1258344703/hunyuanvideo-foley_demo/demo_show/Frieren_105.mp4
2025-08-22 13:40:01,863 - [INFO]:  Upload /apdcephfs_cq8_1367250/share_1367250/qiunnli/v2a/HIFI-Foley/public/videos/demo_show/Frieren_385.mp4   =>   cos://texttoaudio-train-1258344703/hunyuanvideo-foley_demo/demo_show/Frieren_385.mp4
2025-08-22 13:40:02,137 - [INFO]:  Upload /apdcephfs_cq8_1367250/share_1367250/qiunnli/v2a/HIFI-Foley/public/videos/demo_show/7-4.mp4   =>   cos://texttoaudio-train-1258344703/hunyuanvideo-foley_demo/demo_show/7-4.mp4
2025-08-22 13:40:02,179 - [INFO]:  Upload /apdcephfs_cq8_1367250/share_1367250/qiunnli/v2a/HIFI-Foley/public/videos/demo_show/Frieren_050.mp4   =>   cos://texttoaudio-train-1258344703/hunyuanvideo-foley_demo/demo_show/Frieren_050.mp4
2025-08-22 13:40:02,245 - [INFO]:  Upload /apdcephfs_cq8_1367250/share_1367250/qiunnli/v2a/HIFI-Foley/public/videos/demo_show/Ours__128d_200k__466.mp4   =>   cos://texttoaudio-train-1258344703/hunyuanvideo-foley_demo/demo_show/Ours__128d_200k__466.mp4
2025-08-22 13:40:02,436 - [INFO]:  Upload /apdcephfs_cq8_1367250/share_1367250/qiunnli/v2a/HIFI-Foley/public/videos/demo_show/Ours__128d_200k__385.mp4   =>   cos://texttoaudio-train-1258344703/hunyuanvideo-foley_demo/demo_show/Ours__128d_200k__385.mp4
2025-08-22 13:40:02,530 - [INFO]:  Upload /apdcephfs_cq8_1367250/share_1367250/qiunnli/v2a/HIFI-Foley/public/videos/demo_show/V_AURA_457.mp4   =>   cos://texttoaudio-train-1258344703/hunyuanvideo-foley_demo/demo_show/V_AURA_457.mp4
2025-08-22 13:40:02,658 - [INFO]:  Upload /apdcephfs_cq8_1367250/share_1367250/qiunnli/v2a/HIFI-Foley/public/videos/demo_show/V_AURA_181.mp4   =>   cos://texttoaudio-train-1258344703/hunyuanvideo-foley_demo/demo_show/V_AURA_181.mp4
2025-08-22 13:40:02,761 - [INFO]:  Upload /apdcephfs_cq8_1367250/share_1367250/qiunnli/v2a/HIFI-Foley/public/videos/demo_show/FoleyCrafter_160.mp4   =>   cos://texttoaudio-train-1258344703/hunyuanvideo-foley_demo/demo_show/FoleyCrafter_160.mp4
2025-08-22 13:40:02,865 - [INFO]:  Upload /apdcephfs_cq8_1367250/share_1367250/qiunnli/v2a/HIFI-Foley/public/videos/demo_show/V_AURA_099.mp4   =>   cos://texttoaudio-train-1258344703/hunyuanvideo-foley_demo/demo_show/V_AURA_099.mp4
2025-08-22 13:40:02,945 - [INFO]:  Upload /apdcephfs_cq8_1367250/share_1367250/qiunnli/v2a/HIFI-Foley/public/videos/demo_show/Frieren_099.mp4   =>   cos://texttoaudio-train-1258344703/hunyuanvideo-foley_demo/demo_show/Frieren_099.mp4
2025-08-22 13:40:03,018 - [INFO]:  Upload /apdcephfs_cq8_1367250/share_1367250/qiunnli/v2a/HIFI-Foley/public/videos/demo_show/.DS_Store   =>   cos://texttoaudio-train-1258344703/hunyuanvideo-foley_demo/demo_show/.DS_Store
2025-08-22 13:40:03,029 - [INFO]:  Upload /apdcephfs_cq8_1367250/share_1367250/qiunnli/v2a/HIFI-Foley/public/videos/demo_show/Ours__128d_200k__451.mp4   =>   cos://texttoaudio-train-1258344703/hunyuanvideo-foley_demo/demo_show/Ours__128d_200k__451.mp4
2025-08-22 13:40:03,031 - [INFO]:  Upload /apdcephfs_cq8_1367250/share_1367250/qiunnli/v2a/HIFI-Foley/public/videos/demo_show/7-2.mp4   =>   cos://texttoaudio-train-1258344703/hunyuanvideo-foley_demo/demo_show/7-2.mp4
2025-08-22 13:40:03,322 - [INFO]:  Upload /apdcephfs_cq8_1367250/share_1367250/qiunnli/v2a/HIFI-Foley/public/videos/demo_show/MMAudio_063.mp4   =>   cos://texttoaudio-train-1258344703/hunyuanvideo-foley_demo/demo_show/MMAudio_063.mp4
2025-08-22 13:40:03,490 - [INFO]:  Upload /apdcephfs_cq8_1367250/share_1367250/qiunnli/v2a/HIFI-Foley/public/videos/demo_show/V_AURA_078.mp4   =>   cos://texttoaudio-train-1258344703/hunyuanvideo-foley_demo/demo_show/V_AURA_078.mp4
2025-08-22 13:40:03,569 - [INFO]:  Upload /apdcephfs_cq8_1367250/share_1367250/qiunnli/v2a/HIFI-Foley/public/videos/demo_show/FoleyCrafter_099.mp4   =>   cos://texttoaudio-train-1258344703/hunyuanvideo-foley_demo/demo_show/FoleyCrafter_099.mp4
2025-08-22 13:40:03,790 - [INFO]:  Upload /apdcephfs_cq8_1367250/share_1367250/qiunnli/v2a/HIFI-Foley/public/videos/demo_show/Frieren_077.mp4   =>   cos://texttoaudio-train-1258344703/hunyuanvideo-foley_demo/demo_show/Frieren_077.mp4
2025-08-22 13:40:03,881 - [INFO]:  Upload /apdcephfs_cq8_1367250/share_1367250/qiunnli/v2a/HIFI-Foley/public/videos/demo_show/Frieren_457.mp4   =>   cos://texttoaudio-train-1258344703/hunyuanvideo-foley_demo/demo_show/Frieren_457.mp4
2025-08-22 13:40:04,307 - [INFO]:  Upload /apdcephfs_cq8_1367250/share_1367250/qiunnli/v2a/HIFI-Foley/public/videos/demo_show/ThinkSound_181.mp4   =>   cos://texttoaudio-train-1258344703/hunyuanvideo-foley_demo/demo_show/ThinkSound_181.mp4
2025-08-22 13:40:04,308 - [INFO]:  Upload /apdcephfs_cq8_1367250/share_1367250/qiunnli/v2a/HIFI-Foley/public/videos/demo_show/9-1.mp4   =>   cos://texttoaudio-train-1258344703/hunyuanvideo-foley_demo/demo_show/9-1.mp4
2025-08-22 13:40:04,408 - [INFO]:  Upload /apdcephfs_cq8_1367250/share_1367250/qiunnli/v2a/HIFI-Foley/public/videos/demo_show/ThinkSound_071.mp4   =>   cos://texttoaudio-train-1258344703/hunyuanvideo-foley_demo/demo_show/ThinkSound_071.mp4
2025-08-22 13:40:04,410 - [INFO]:  Upload /apdcephfs_cq8_1367250/share_1367250/qiunnli/v2a/HIFI-Foley/public/videos/demo_show/V_AURA_025.mp4   =>   cos://texttoaudio-train-1258344703/hunyuanvideo-foley_demo/demo_show/V_AURA_025.mp4
2025-08-22 13:40:04,481 - [INFO]:  Upload /apdcephfs_cq8_1367250/share_1367250/qiunnli/v2a/HIFI-Foley/public/videos/demo_show/Ours__128d_200k__050.mp4   =>   cos://texttoaudio-train-1258344703/hunyuanvideo-foley_demo/demo_show/Ours__128d_200k__050.mp4
2025-08-22 13:40:04,654 - [INFO]:  Upload /apdcephfs_cq8_1367250/share_1367250/qiunnli/v2a/HIFI-Foley/public/videos/demo_show/V_AURA_171.mp4   =>   cos://texttoaudio-train-1258344703/hunyuanvideo-foley_demo/demo_show/V_AURA_171.mp4
2025-08-22 13:40:04,705 - [INFO]:  Upload /apdcephfs_cq8_1367250/share_1367250/qiunnli/v2a/HIFI-Foley/public/videos/demo_show/MMAudio_050.mp4   =>   cos://texttoaudio-train-1258344703/hunyuanvideo-foley_demo/demo_show/MMAudio_050.mp4
2025-08-22 13:40:04,867 - [INFO]:  Upload /apdcephfs_cq8_1367250/share_1367250/qiunnli/v2a/HIFI-Foley/public/videos/demo_show/V_AURA_160.mp4   =>   cos://texttoaudio-train-1258344703/hunyuanvideo-foley_demo/demo_show/V_AURA_160.mp4
2025-08-22 13:40:04,910 - [INFO]:  Upload /apdcephfs_cq8_1367250/share_1367250/qiunnli/v2a/HIFI-Foley/public/videos/demo_show/2-1.mp4   =>   cos://texttoaudio-train-1258344703/hunyuanvideo-foley_demo/demo_show/2-1.mp4
2025-08-22 13:40:05,150 - [INFO]:  Upload /apdcephfs_cq8_1367250/share_1367250/qiunnli/v2a/HIFI-Foley/public/videos/demo_show/MMAudio_062.mp4   =>   cos://texttoaudio-train-1258344703/hunyuanvideo-foley_demo/demo_show/MMAudio_062.mp4
2025-08-22 13:40:05,299 - [INFO]:  Upload /apdcephfs_cq8_1367250/share_1367250/qiunnli/v2a/HIFI-Foley/public/videos/demo_show/Ours__128d_200k__171.mp4   =>   cos://texttoaudio-train-1258344703/hunyuanvideo-foley_demo/demo_show/Ours__128d_200k__171.mp4
2025-08-22 13:40:05,329 - [INFO]:  Upload /apdcephfs_cq8_1367250/share_1367250/qiunnli/v2a/HIFI-Foley/public/videos/demo_show/Frieren_167.mp4   =>   cos://texttoaudio-train-1258344703/hunyuanvideo-foley_demo/demo_show/Frieren_167.mp4
2025-08-22 13:40:05,590 - [INFO]:  Upload /apdcephfs_cq8_1367250/share_1367250/qiunnli/v2a/HIFI-Foley/public/videos/demo_show/MMAudio_105.mp4   =>   cos://texttoaudio-train-1258344703/hunyuanvideo-foley_demo/demo_show/MMAudio_105.mp4
2025-08-22 13:40:05,921 - [INFO]:  Upload /apdcephfs_cq8_1367250/share_1367250/qiunnli/v2a/HIFI-Foley/public/videos/demo_show/ThinkSound_006.mp4   =>   cos://texttoaudio-train-1258344703/hunyuanvideo-foley_demo/demo_show/ThinkSound_006.mp4
2025-08-22 13:40:05,937 - [INFO]:  Upload /apdcephfs_cq8_1367250/share_1367250/qiunnli/v2a/HIFI-Foley/public/videos/demo_show/Ours__128d_200k__099.mp4   =>   cos://texttoaudio-train-1258344703/hunyuanvideo-foley_demo/demo_show/Ours__128d_200k__099.mp4
2025-08-22 13:40:06,023 - [INFO]:  Upload /apdcephfs_cq8_1367250/share_1367250/qiunnli/v2a/HIFI-Foley/public/videos/demo_show/3-1.mp4   =>   cos://texttoaudio-train-1258344703/hunyuanvideo-foley_demo/demo_show/3-1.mp4
2025-08-22 13:40:06,463 - [INFO]:  Upload /apdcephfs_cq8_1367250/share_1367250/qiunnli/v2a/HIFI-Foley/public/videos/demo_show/V_AURA_451.mp4   =>   cos://texttoaudio-train-1258344703/hunyuanvideo-foley_demo/demo_show/V_AURA_451.mp4
2025-08-22 13:40:06,519 - [INFO]:  Upload /apdcephfs_cq8_1367250/share_1367250/qiunnli/v2a/HIFI-Foley/public/videos/demo_show/FoleyCrafter_094.mp4   =>   cos://texttoaudio-train-1258344703/hunyuanvideo-foley_demo/demo_show/FoleyCrafter_094.mp4
2025-08-22 13:40:06,640 - [INFO]:  Upload /apdcephfs_cq8_1367250/share_1367250/qiunnli/v2a/HIFI-Foley/public/videos/demo_show/10-1.mp4   =>   cos://texttoaudio-train-1258344703/hunyuanvideo-foley_demo/demo_show/10-1.mp4
2025-08-22 13:40:06,676 - [INFO]:  Upload /apdcephfs_cq8_1367250/share_1367250/qiunnli/v2a/HIFI-Foley/public/videos/demo_show/ThinkSound_152.mp4   =>   cos://texttoaudio-train-1258344703/hunyuanvideo-foley_demo/demo_show/ThinkSound_152.mp4
2025-08-22 13:40:06,712 - [INFO]:  Upload /apdcephfs_cq8_1367250/share_1367250/qiunnli/v2a/HIFI-Foley/public/videos/demo_show/Ours__128d_200k__425.mp4   =>   cos://texttoaudio-train-1258344703/hunyuanvideo-foley_demo/demo_show/Ours__128d_200k__425.mp4
2025-08-22 13:40:07,043 - [INFO]:  Upload /apdcephfs_cq8_1367250/share_1367250/qiunnli/v2a/HIFI-Foley/public/videos/demo_show/ThinkSound_037.mp4   =>   cos://texttoaudio-train-1258344703/hunyuanvideo-foley_demo/demo_show/ThinkSound_037.mp4
2025-08-22 13:40:07,444 - [INFO]:  Upload /apdcephfs_cq8_1367250/share_1367250/qiunnli/v2a/HIFI-Foley/public/videos/demo_show/V_AURA_037.mp4   =>   cos://texttoaudio-train-1258344703/hunyuanvideo-foley_demo/demo_show/V_AURA_037.mp4
2025-08-22 13:40:07,527 - [INFO]:  Upload /apdcephfs_cq8_1367250/share_1367250/qiunnli/v2a/HIFI-Foley/public/videos/demo_show/4-3.mp4   =>   cos://texttoaudio-train-1258344703/hunyuanvideo-foley_demo/demo_show/4-3.mp4
2025-08-22 13:40:07,537 - [INFO]:  Upload /apdcephfs_cq8_1367250/share_1367250/qiunnli/v2a/HIFI-Foley/public/videos/demo_show/8-1.mp4   =>   cos://texttoaudio-train-1258344703/hunyuanvideo-foley_demo/demo_show/8-1.mp4
2025-08-22 13:40:07,616 - [INFO]:  Upload /apdcephfs_cq8_1367250/share_1367250/qiunnli/v2a/HIFI-Foley/public/videos/demo_show/ThinkSound_167.mp4   =>   cos://texttoaudio-train-1258344703/hunyuanvideo-foley_demo/demo_show/ThinkSound_167.mp4
2025-08-22 13:40:07,667 - [INFO]:  Upload /apdcephfs_cq8_1367250/share_1367250/qiunnli/v2a/HIFI-Foley/public/videos/demo_show/Ours__128d_200k__152.mp4   =>   cos://texttoaudio-train-1258344703/hunyuanvideo-foley_demo/demo_show/Ours__128d_200k__152.mp4
2025-08-22 13:40:07,940 - [INFO]:  Upload /apdcephfs_cq8_1367250/share_1367250/qiunnli/v2a/HIFI-Foley/public/videos/demo_show/Ours__128d_200k__006.mp4   =>   cos://texttoaudio-train-1258344703/hunyuanvideo-foley_demo/demo_show/Ours__128d_200k__006.mp4
2025-08-22 13:40:08,391 - [INFO]:  208 files uploaded, 0 files skipped, 0 files failed
